<?xml version="1.0" encoding="UTF-8"?>
<testsuite xmlns:xsi="http://www.w3.org/2001/XMLSchema-instance" xsi:noNamespaceSchemaLocation="https://maven.apache.org/surefire/maven-surefire-plugin/xsd/surefire-test-report-3.0.xsd" version="3.0" name="com.worldcup.GoalTest" time="0.359" tests="37" errors="0" skipped="0" failures="0">
  <properties>
[...]
</properties>
  <testcase name="GoalConstructor_MinuteBang149_KhoiTaoThanhCong" classname="com.worldcup.GoalTest" time="0.071"/>
  <testcase name="GoalConstructor_MinuteBangMot_KhoiTaoThanhCong" classname="com.worldcup.GoalTest" time="0.002"/>
  <testcase name="GetMinute_GoiTrenGoalHopLe_TraVeMinute" classname="com.worldcup.GoalTest" time="0.002"/>
  <testcase name="GetTeam_GoiTrenGoalHopLe_TraVeTeam" classname="com.worldcup.GoalTest" time="0.007"/>
  <testcase name="GoalConstructor_MatchNullTrongNhanh_ThrowException" classname="com.worldcup.GoalTest" time="0.01"/>
  <testcase name="GoalConstructor_MatchNull_ThrowException" classname="com.worldcup.GoalTest" time="0.018"/>
  <testcase name="GoalConstructor_MinuteNhoHonKhongTrongNhanh_ThrowException" classname="com.worldcup.GoalTest" time="0.002"/>
  <testcase name="GoalConstructor_TatCaThamSoHopLe_KhoiTaoThanhCong" classname="com.worldcup.GoalTest" time="0.001"/>
  <testcase name="GetPlayerVaGetScorer_CungGoal_TraVeCungKetQua" classname="com.worldcup.GoalTest" time="0.002"/>
  <testcase name="GoalConstructor_TeamKhacNhau_KhoiTaoThanhCong" classname="com.worldcup.GoalTest" time="0.001"/>
  <testcase name="GoalConstructor_TatCaCacThamSoGioiHan_KhoiTaoThanhCong" classname="com.worldcup.GoalTest" time="0.007"/>
  <testcase name="GoalConstructor_MinuteNhoHonKhong_ThrowException" classname="com.worldcup.GoalTest" time="0.006"/>
  <testcase name="GoalConstructor_MinuteBangKhong_KhoiTaoThanhCong" classname="com.worldcup.GoalTest" time="0.004"/>
  <testcase name="GoalConstructor_PlayerNull_ThrowException" classname="com.worldcup.GoalTest" time="0.002"/>
  <testcase name="GoalConstructor_MinuteDuongLon_ThrowException" classname="com.worldcup.GoalTest" time="0.004"/>
  <testcase name="GoalConstructor_ScorerNull_ThrowException" classname="com.worldcup.GoalTest" time="0.002"/>
  <testcase name="GoalConstructor_MinuteAmLon_ThrowException" classname="com.worldcup.GoalTest" time="0.001"/>
  <testcase name="GoalConstructor_TaoNhieuGoal_TangSoBanThangDungCach" classname="com.worldcup.GoalTest" time="0.004"/>
  <testcase name="GoalConstructor_TaoGoal_TangSoBanThangCuaPlayer" classname="com.worldcup.GoalTest" time="0.002"/>
  <testcase name="GetPlayer_GoiTrenGoalHopLe_TraVePlayer" classname="com.worldcup.GoalTest" time="0.002"/>
  <testcase name="GoalConstructor_PlayerKhacNhau_KhoiTaoThanhCong" classname="com.worldcup.GoalTest" time="0.006"/>
  <testcase name="ToString_GoiTrenGoalHopLe_ChuaCacThongTinCanThiet" classname="com.worldcup.GoalTest" time="0.006"/>
  <testcase name="GoalConstructor_MinuteBang151_ThrowException" classname="com.worldcup.GoalTest" time="0.004"/>
  <testcase name="GetMatch_GoiTrenGoalHopLe_TraVeMatch" classname="com.worldcup.GoalTest" time="0.004"/>
  <testcase name="GoalConstructor_DuongThanhCong_KhoiTaoThanhCong" classname="com.worldcup.GoalTest" time="0.001"/>
  <testcase name="GoalConstructor_MinuteTrongKhoangHopLe_KhoiTaoThanhCong" classname="com.worldcup.GoalTest" time="0.003"/>
  <testcase name="GoalConstructor_TeamNull_ThrowException" classname="com.worldcup.GoalTest" time="0.003"/>
  <testcase name="GoalConstructor_MinuteBangAmMot_ThrowException" classname="com.worldcup.GoalTest" time="0.003"/>
  <testcase name="GetScorer_GoiTrenGoalHopLe_TraVePlayer" classname="com.worldcup.GoalTest" time="0.001"/>
  <testcase name="GoalConstructor_MinuteLonHon150TrongNhanh_ThrowException" classname="com.worldcup.GoalTest" time="0.003"/>
  <testcase name="GoalConstructor_SauKhoiTao_KhongThayDoiDuoc" classname="com.worldcup.GoalTest" time="0.017"/>
  <testcase name="GoalConstructor_MinuteLonHon150_ThrowException" classname="com.worldcup.GoalTest" time="0.003"/>
  <testcase name="GoalConstructor_NhieuThamSoNull_ThrowException" classname="com.worldcup.GoalTest" time="0.003"/>
  <testcase name="GoalConstructor_TeamNullTrongNhanh_ThrowException" classname="com.worldcup.GoalTest" time="0.002"/>
  <testcase name="GoalConstructor_TatCaCacThamSoNgoaiGioiHan_ThrowException" classname="com.worldcup.GoalTest" time="0.005"/>
  <testcase name="GoalConstructor_MinuteBang150_KhoiTaoThanhCong" classname="com.worldcup.GoalTest" time="0.003"/>
  <testcase name="GoalConstructor_MinuteGiuaKhoang_KhoiTaoThanhCong" classname="com.worldcup.GoalTest" time="0.002"/>
</testsuite>