<?xml version="1.0" encoding="UTF-8"?>
<testsuite xmlns:xsi="http://www.w3.org/2001/XMLSchema-instance" xsi:noNamespaceSchemaLocation="https://maven.apache.org/surefire/maven-surefire-plugin/xsd/surefire-test-report-3.0.xsd" version="3.0" name="com.worldcup.SubstitutionTest" time="0.21" tests="46" errors="0" skipped="0" failures="0">
  <properties>
[...]
</properties>
  <testcase name="GetInPlayer_TraVePlayerInDung" classname="com.worldcup.SubstitutionTest" time="0.036"/>
  <testcase name="SubstitutionConstructor_SauThayNguoi_PlayerInVaoDanhSachChinh" classname="com.worldcup.SubstitutionTest" time="0.002"/>
  <testcase name="GetMinute_TraVePhutDung" classname="com.worldcup.SubstitutionTest" time="0.002"/>
  <testcase name="GetOutPlayer_TraVePlayerOutDung" classname="com.worldcup.SubstitutionTest" time="0.001"/>
  <testcase name="SubstitutionConstructor_PlayerOutDaTrongDanhSachDuBi_ThrowException" classname="com.worldcup.SubstitutionTest" time="0.01"/>
  <testcase name="SubstitutionConstructor_MatchNull_ThrowException" classname="com.worldcup.SubstitutionTest" time="0.002"/>
  <testcase name="SubstitutionConstructor_TenCauThuCoKyTuDacBiet_KhoiTaoThanhCong" classname="com.worldcup.SubstitutionTest" time="0.003"/>
  <testcase name="SubstitutionConstructor_NhieuLanThayNguoi_CapNhatSoLanDung" classname="com.worldcup.SubstitutionTest" time="0.001"/>
  <testcase name="SubstitutionConstructor_PlayerInCoTheDo_ThrowException" classname="com.worldcup.SubstitutionTest" time="0.002"/>
  <testcase name="SubstitutionConstructor_PlayerOutKhongTrongDanhSachChinh_ThrowException" classname="com.worldcup.SubstitutionTest" time="0.001"/>
  <testcase name="SubstitutionConstructor_CaHaiCauThuKhacDoiBong_ThrowException" classname="com.worldcup.SubstitutionTest" time="0.002"/>
  <testcase name="SubstitutionConstructor_PhutBang151_ThrowException" classname="com.worldcup.SubstitutionTest" time="0.002"/>
  <testcase name="SubstitutionConstructor_PhutAmMotMot_ThrowException" classname="com.worldcup.SubstitutionTest" time="0.001"/>
  <testcase name="SubstitutionConstructor_PhutGiaiLao45_KhoiTaoThanhCong" classname="com.worldcup.SubstitutionTest" time="0.001"/>
  <testcase name="SubstitutionConstructor_SoLanThayNguoiVuotQua3_ThrowException" classname="com.worldcup.SubstitutionTest" time="0.002"/>
  <testcase name="SubstitutionConstructor_PhutAmLon_ThrowException" classname="com.worldcup.SubstitutionTest" time="0.002"/>
  <testcase name="SubstitutionConstructor_ViTriKhacNhau_KhoiTaoThanhCong" classname="com.worldcup.SubstitutionTest" time="0.001"/>
  <testcase name="SubstitutionConstructor_PlayerOutCoHaiTheVang_ThrowException" classname="com.worldcup.SubstitutionTest" time="0.001"/>
  <testcase name="SubstitutionConstructor_PlayerOutNull_ThrowException" classname="com.worldcup.SubstitutionTest" time="0.001"/>
  <testcase name="SubstitutionConstructor_PhutHiepPhu105_KhoiTaoThanhCong" classname="com.worldcup.SubstitutionTest" time="0.001"/>
  <testcase name="SubstitutionConstructor_PhutBang1_KhoiTaoThanhCong" classname="com.worldcup.SubstitutionTest" time="0.001"/>
  <testcase name="SubstitutionConstructor_SauThayNguoi_PlayerOutVaoDanhSachDuBi" classname="com.worldcup.SubstitutionTest" time="0.002"/>
  <testcase name="SubstitutionConstructor_PhutBang150_KhoiTaoThanhCong" classname="com.worldcup.SubstitutionTest" time="0.001"/>
  <testcase name="SubstitutionConstructor_PhutKetThucHiepPhu120_KhoiTaoThanhCong" classname="com.worldcup.SubstitutionTest" time="0.001"/>
  <testcase name="SubstitutionConstructor_PhutKetThucHiepChinh90_KhoiTaoThanhCong" classname="com.worldcup.SubstitutionTest" time="0.002"/>
  <testcase name="ToString_ChuaThongTinDayDu" classname="com.worldcup.SubstitutionTest" time="0.001"/>
  <testcase name="SubstitutionConstructor_PhutBang149_KhoiTaoThanhCong" classname="com.worldcup.SubstitutionTest" time="0.001"/>
  <testcase name="SubstitutionConstructor_CungViTri_KhoiTaoThanhCong" classname="com.worldcup.SubstitutionTest" time="0.001"/>
  <testcase name="SubstitutionConstructor_PhutLonHon200_ThrowException" classname="com.worldcup.SubstitutionTest" time="0.001"/>
  <testcase name="SubstitutionConstructor_PlayerInCoTheVang_KhoiTaoThanhCong" classname="com.worldcup.SubstitutionTest" time="0.002"/>
  <testcase name="SubstitutionConstructor_PhutBang0_KhoiTaoThanhCong" classname="com.worldcup.SubstitutionTest" time="0.002"/>
  <testcase name="SubstitutionConstructor_PlayerInKhacDoiBong_ThrowException" classname="com.worldcup.SubstitutionTest" time="0.003"/>
  <testcase name="SubstitutionConstructor_CacTruongKhongThayDoi_BatBien" classname="com.worldcup.SubstitutionTest" time="0.002"/>
  <testcase name="GetTeam_TraVeTeamDung" classname="com.worldcup.SubstitutionTest" time="0.003"/>
  <testcase name="SubstitutionConstructor_PlayerOutCoTheVang_KhoiTaoThanhCong" classname="com.worldcup.SubstitutionTest" time="0.001"/>
  <testcase name="SubstitutionConstructor_LanThayNguoiThuBa_KhoiTaoThanhCong" classname="com.worldcup.SubstitutionTest" time="0.002"/>
  <testcase name="SubstitutionConstructor_SoLanThayNguoiBang3_KhoiTaoThanhCong" classname="com.worldcup.SubstitutionTest" time="0.002"/>
  <testcase name="SubstitutionConstructor_PlayerOutKhacDoiBong_ThrowException" classname="com.worldcup.SubstitutionTest" time="0.002"/>
  <testcase name="SubstitutionConstructor_PlayerInDaTrongDanhSachChinh_ThrowException" classname="com.worldcup.SubstitutionTest" time="0.002"/>
  <testcase name="SubstitutionConstructor_TeamNull_ThrowException" classname="com.worldcup.SubstitutionTest" time="0.003"/>
  <testcase name="SubstitutionConstructor_LanThayNguoiDauTien_KhoiTaoThanhCong" classname="com.worldcup.SubstitutionTest" time="0.001"/>
  <testcase name="SubstitutionConstructor_PlayerInKhongTrongDanhSachDuBi_ThrowException" classname="com.worldcup.SubstitutionTest" time="0.001"/>
  <testcase name="SubstitutionConstructor_TenCauThuDai_KhoiTaoThanhCong" classname="com.worldcup.SubstitutionTest" time="0.002"/>
  <testcase name="SubstitutionConstructor_DoiBoiToiThieu_KhoiTaoThanhCong" classname="com.worldcup.SubstitutionTest" time="0.001"/>
  <testcase name="GetMatch_TraVeMatchDung" classname="com.worldcup.SubstitutionTest" time="0.001"/>
  <testcase name="SubstitutionConstructor_PlayerInNull_ThrowException" classname="com.worldcup.SubstitutionTest" time="0.001"/>
</testsuite>