<?xml version="1.0" encoding="UTF-8"?>
<testsuite xmlns:xsi="http://www.w3.org/2001/XMLSchema-instance" xsi:noNamespaceSchemaLocation="https://maven.apache.org/surefire/maven-surefire-plugin/xsd/surefire-test-report-3.0.xsd" version="3.0" name="com.worldcup.TeamTest" time="0.317" tests="50" errors="0" skipped="0" failures="0">
  <properties>
[...]
</properties>
  <testcase name="TeamConstructor_SoCauThuBienDuoi21_ThrowException" classname="com.worldcup.TeamTest" time="0.057"/>
  <testcase name="testTeamWithNullRegion_ShouldAllow" classname="com.worldcup.TeamTest" time="0.002"/>
  <testcase name="testMultipleOperationsOnSameTeam_ShouldMaintainState" classname="com.worldcup.TeamTest" time="0.01"/>
  <testcase name="TeamConstructor_TenDoiKyTuDacBiet_ChoPhepKhoiTao" classname="com.worldcup.TeamTest" time="0.003"/>
  <testcase name="testTeamWithDuplicateAssistantNames_ShouldAllow" classname="com.worldcup.TeamTest" time="0.004"/>
  <testcase name="TeamConstructor_LaChuNhaTrue_TraVeTrue" classname="com.worldcup.TeamTest" time="0.006"/>
  <testcase name="TeamAddSubstitutePlayer_ThemCauThuDuBi_TangKichThuoc" classname="com.worldcup.TeamTest" time="0.001"/>
  <testcase name="TeamConstructor_KhongLaChuNhaFalse_TraVeFalse" classname="com.worldcup.TeamTest" time="0.003"/>
  <testcase name="testTeamWith2Assistants_ShouldSucceed" classname="com.worldcup.TeamTest" time="0.001"/>
  <testcase name="testTeamWithEmptyRegion_ShouldAllow" classname="com.worldcup.TeamTest" time="0.003"/>
  <testcase name="TeamIncrementSubstitution_TuKhong_TangLen1" classname="com.worldcup.TeamTest" time="0.004"/>
  <testcase name="TeamSetYellowCards_GiaTriKhong_ChoPhepGan" classname="com.worldcup.TeamTest" time="0.001"/>
  <testcase name="TeamSetSubstitutionCount_GiaTriTrucTiep_GanThanhCong" classname="com.worldcup.TeamTest" time="0.004"/>
  <testcase name="testTeamAsHost_ShouldReturnTrue" classname="com.worldcup.TeamTest" time="0.003"/>
  <testcase name="TeamSetPoints_GiaTriAm_ChoPhepGan" classname="com.worldcup.TeamTest" time="0.002"/>
  <testcase name="TeamGetters_TatCaGetters_TraVeGiaTriDung" classname="com.worldcup.TeamTest" time="0.011"/>
  <testcase name="testTeamWithNullAssistantName_ShouldAllow" classname="com.worldcup.TeamTest" time="0.002"/>
  <testcase name="TeamConstructor_SoTroLyHopLe3_KhoiTaoThanhCong" classname="com.worldcup.TeamTest" time="0.004"/>
  <testcase name="testTeamWith1Assistant_ShouldSucceed" classname="com.worldcup.TeamTest" time="0.005"/>
  <testcase name="TeamSetGoalDifference_GiaTriDuong_ChoPhepGan" classname="com.worldcup.TeamTest" time="0.003"/>
  <testcase name="testTeamWithAllDifferentRegions_ShouldSucceed" classname="com.worldcup.TeamTest" time="0.001"/>
  <testcase name="testTeamInitialValues_ShouldBeZero" classname="com.worldcup.TeamTest" time="0.005"/>
  <testcase name="TeamSetRedCards_GiaTriKhong_ChoPhepGan" classname="com.worldcup.TeamTest" time="0.002"/>
  <testcase name="TeamConstructor_TenDoiDai_ChoPhepKhoiTao" classname="com.worldcup.TeamTest" time="0.003"/>
  <testcase name="TeamAddStartingPlayer_ThemCauThuChinh_TangKichThuoc" classname="com.worldcup.TeamTest" time="0.001"/>
  <testcase name="testTeamStatisticsReset_ShouldAllowZeroValues" classname="com.worldcup.TeamTest" time="0.002"/>
  <testcase name="TeamConstructor_Dung22CauThu_KhoiTaoThanhCong" classname="com.worldcup.TeamTest" time="0.0"/>
  <testcase name="TeamConstructor_RegionHopLe_KhoiTaoThanhCong" classname="com.worldcup.TeamTest" time="0.003"/>
  <testcase name="TeamIncrementSubstitution_NhieuLan_TangDung" classname="com.worldcup.TeamTest" time="0.0"/>
  <testcase name="TeamSetGoalDifference_GiaTriAm_ChoPhepGan" classname="com.worldcup.TeamTest" time="0.002"/>
  <testcase name="testSetStartingPlayers_NewList_ShouldReplace" classname="com.worldcup.TeamTest" time="0.001"/>
  <testcase name="TeamSetPoints_GiaTriLon_ChoPhepGan" classname="com.worldcup.TeamTest" time="0.002"/>
  <testcase name="TeamConstructor_MedicalStaffNull_ChoPhepKhoiTao" classname="com.worldcup.TeamTest" time="0.001"/>
  <testcase name="testTeamWithExactly3Assistants_ShouldSucceed" classname="com.worldcup.TeamTest" time="0.002"/>
  <testcase name="TeamSetters_GanDiemHieuSoThe_ThucHienThanhCong" classname="com.worldcup.TeamTest" time="0.002"/>
  <testcase name="testTeamWithEmptyAssistantName_ShouldAllow" classname="com.worldcup.TeamTest" time="0.001"/>
  <testcase name="TeamConstructor_TenDoiRong_ChoPhepKhoiTao" classname="com.worldcup.TeamTest" time="0.0"/>
  <testcase name="TeamConstructor_CauThuChinhVaDuBi_KhoiTaoThanhCong" classname="com.worldcup.TeamTest" time="0.002"/>
  <testcase name="TeamConstructor_SoTroLyBienDuoi0_KhoiTaoThanhCong" classname="com.worldcup.TeamTest" time="0.001"/>
  <testcase name="testSetSubstitutePlayers_NewList_ShouldReplace" classname="com.worldcup.TeamTest" time="0.004"/>
  <testcase name="testTeamListsImmutability_ModifyingOriginalShouldNotAffectTeam" classname="com.worldcup.TeamTest" time="0.002"/>
  <testcase name="TeamConstructor_SoTroLyVuotBien4_ThrowException" classname="com.worldcup.TeamTest" time="0.003"/>
  <testcase name="TeamSetRedCards_GiaTriNhieu_ChoPhepGan" classname="com.worldcup.TeamTest" time="0.002"/>
  <testcase name="testPlayerListsIndependence_ModifyingOneShouldNotAffectOther" classname="com.worldcup.TeamTest" time="0.001"/>
  <testcase name="TeamConstructor_NhieuCauThu30_KhoiTaoThanhCong" classname="com.worldcup.TeamTest" time="0.001"/>
  <testcase name="testTeamWithCustomRegion_ShouldAllow" classname="com.worldcup.TeamTest" time="0.001"/>
  <testcase name="TeamSetYellowCards_GiaTriLon_ChoPhepGan" classname="com.worldcup.TeamTest" time="0.0"/>
  <testcase name="TeamConstructor_SoCauThuBienHopLe22_KhoiTaoThanhCong" classname="com.worldcup.TeamTest" time="0.003"/>
  <testcase name="TeamConstructor_TenDoiHopLe_KhoiTaoThanhCong" classname="com.worldcup.TeamTest" time="0.001"/>
  <testcase name="TeamConstructor_CoachNull_ChoPhepKhoiTao" classname="com.worldcup.TeamTest" time="0.001"/>
</testsuite>