<?xml version="1.0" encoding="UTF-8"?>
<testsuite xmlns:xsi="http://www.w3.org/2001/XMLSchema-instance" xsi:noNamespaceSchemaLocation="https://maven.apache.org/surefire/maven-surefire-plugin/xsd/surefire-test-report-3.0.xsd" version="3.0" name="com.worldcup.KnockoutStageManagerTest" time="0.459" tests="49" errors="0" skipped="0" failures="0">
  <properties>
[...]
</properties>
  <testcase name="testBracketInfoImmutability_ShouldReturnSameReference" classname="com.worldcup.KnockoutStageManagerTest" time="0.104"/>
  <testcase name="testSetRoundOf16Winners_SevenTeams_ShouldThrow" classname="com.worldcup.KnockoutStageManagerTest" time="0.005"/>
  <testcase name="testSetQuarterFinalWinners_ThreeWinners_ShouldThrow" classname="com.worldcup.KnockoutStageManagerTest" time="0.003"/>
  <testcase name="testSetQuarterFinalWinners_NullLosers_ShouldThrow" classname="com.worldcup.KnockoutStageManagerTest" time="0.003"/>
  <testcase name="testSetQuarterFinalWinners_FiveWinners_ShouldThrow" classname="com.worldcup.KnockoutStageManagerTest" time="0.005"/>
  <testcase name="testSetSemiFinalWinners_OneFinalist_ShouldThrow" classname="com.worldcup.KnockoutStageManagerTest" time="0.003"/>
  <testcase name="testBracketGeneration_AfterMultipleCalls_ShouldOverwritePrevious" classname="com.worldcup.KnockoutStageManagerTest" time="0.005"/>
  <testcase name="testSetQuarterFinalWinners_ThreeLosers_ShouldThrow" classname="com.worldcup.KnockoutStageManagerTest" time="0.002"/>
  <testcase name="testSetRoundOf16Winners_ExactlyEightTeams_ShouldSucceed" classname="com.worldcup.KnockoutStageManagerTest" time="0.002"/>
  <testcase name="testSetFinalResult_SameTeam_ShouldAllowSameTeam" classname="com.worldcup.KnockoutStageManagerTest" time="0.001"/>
  <testcase name="testSetQuarterFinalWinners_ValidInput_ShouldUpdateSemiFinalsAndBronze" classname="com.worldcup.KnockoutStageManagerTest" time="0.003"/>
  <testcase name="testMultipleCallsToSetFinalResult_ShouldOverwritePrevious" classname="com.worldcup.KnockoutStageManagerTest" time="0.002"/>
  <testcase name="testSetSemiFinalWinners_InvalidCount_ShouldThrow" classname="com.worldcup.KnockoutStageManagerTest" time="0.004"/>
  <testcase name="testGenerateRoundOf16Bracket_SpecialCharactersInTeamNames_ShouldWork" classname="com.worldcup.KnockoutStageManagerTest" time="0.0"/>
  <testcase name="testSetSemiFinalWinners_SameTeamTwice_ShouldAllowDuplicates" classname="com.worldcup.KnockoutStageManagerTest" time="0.004"/>
  <testcase name="testSetRoundOf16Winners_WithInvalidTeamCount_ShouldThrow" classname="com.worldcup.KnockoutStageManagerTest" time="0.022"/>
  <testcase name="testSetQuarterFinalWinners_ValidInputs_ShouldUpdateBothLists" classname="com.worldcup.KnockoutStageManagerTest" time="0.001"/>
  <testcase name="testSetRoundOf16Winners_WithNullTeams_ShouldAllowNulls" classname="com.worldcup.KnockoutStageManagerTest" time="0.003"/>
  <testcase name="testSetQuarterFinalWinners_EmptyLists_ShouldThrow" classname="com.worldcup.KnockoutStageManagerTest" time="0.002"/>
  <testcase name="testSetSemiFinalWinners_EmptyList_ShouldThrow" classname="com.worldcup.KnockoutStageManagerTest" time="0.002"/>
  <testcase name="testSetRoundOf16Winners_With8Teams_ShouldPass" classname="com.worldcup.KnockoutStageManagerTest" time="0.002"/>
  <testcase name="testBracketEmptyBeforeGeneration_ShouldBeEmpty" classname="com.worldcup.KnockoutStageManagerTest" time="0.002"/>
  <testcase name="testSetSemiFinalWinners_NullList_ShouldThrow" classname="com.worldcup.KnockoutStageManagerTest" time="0.002"/>
  <testcase name="testSetRoundOf16Winners_EmptyList_ShouldThrow" classname="com.worldcup.KnockoutStageManagerTest" time="0.003"/>
  <testcase name="testSetQuarterFinalWinners_NullWinners_ShouldThrow" classname="com.worldcup.KnockoutStageManagerTest" time="0.001"/>
  <testcase name="testSetRoundOf16Winners_WithDuplicateTeams_ShouldAllowDuplicates" classname="com.worldcup.KnockoutStageManagerTest" time="0.003"/>
  <testcase name="testSetRoundOf16Winners_NineTeams_ShouldThrow" classname="com.worldcup.KnockoutStageManagerTest" time="0.001"/>
  <testcase name="testGenerateRoundOf16Bracket_ValidGroups_ShouldCreateCorrectBracket" classname="com.worldcup.KnockoutStageManagerTest" time="0.002"/>
  <testcase name="testSetFinalResult_ShouldAssignChampionAndRunnerUp" classname="com.worldcup.KnockoutStageManagerTest" time="0.001"/>
  <testcase name="testGenerateRoundOf16Bracket_NullRunners_ShouldHandleGracefully" classname="com.worldcup.KnockoutStageManagerTest" time="0.002"/>
  <testcase name="testGettersInitialState_ShouldReturnEmptyOrNull" classname="com.worldcup.KnockoutStageManagerTest" time="0.002"/>
  <testcase name="testSetQuarterFinalWinners_InvalidInput_ShouldThrow" classname="com.worldcup.KnockoutStageManagerTest" time="0.003"/>
  <testcase name="testSetFinalResult_NullLoser_ShouldAllowNull" classname="com.worldcup.KnockoutStageManagerTest" time="0.001"/>
  <testcase name="testListsImmutability_ShouldReturnSameReference" classname="com.worldcup.KnockoutStageManagerTest" time="0.002"/>
  <testcase name="testGenerateRoundOf16Bracket_NullWinners_ShouldHandleGracefully" classname="com.worldcup.KnockoutStageManagerTest" time="0.013"/>
  <testcase name="testGenerateRoundOf16Bracket_DuplicateTeamNames_ShouldAllowDuplicates" classname="com.worldcup.KnockoutStageManagerTest" time="0.002"/>
  <testcase name="testGenerateRoundOf16Bracket_EmptyMaps_ShouldCreateBracketWithNulls" classname="com.worldcup.KnockoutStageManagerTest" time="0.025"/>
  <testcase name="testFullKnockoutFlow_SuccessPath" classname="com.worldcup.KnockoutStageManagerTest" time="0.001"/>
  <testcase name="testSetQuarterFinalWinners_FiveLosers_ShouldThrow" classname="com.worldcup.KnockoutStageManagerTest" time="0.013"/>
  <testcase name="testComplexScenario_MultipleUpdates_ShouldMaintainConsistency" classname="com.worldcup.KnockoutStageManagerTest" time="0.001"/>
  <testcase name="testSetSemiFinalWinners_Valid_ShouldUpdateFinals" classname="com.worldcup.KnockoutStageManagerTest" time="0.001"/>
  <testcase name="testGenerateRoundOf16Bracket_MissingGroups_ShouldCreateBracketWithNulls" classname="com.worldcup.KnockoutStageManagerTest" time="0.001"/>
  <testcase name="testBronzeWinnersInitiallyEmpty_ShouldBeEmpty" classname="com.worldcup.KnockoutStageManagerTest" time="0.001"/>
  <testcase name="testSetSemiFinalWinners_ThreeFinalists_ShouldThrow" classname="com.worldcup.KnockoutStageManagerTest" time="0.001"/>
  <testcase name="testSetSemiFinalWinners_TwoFinalists_ShouldSucceed" classname="com.worldcup.KnockoutStageManagerTest" time="0.003"/>
  <testcase name="testSetRoundOf16Winners_NullList_ShouldThrow" classname="com.worldcup.KnockoutStageManagerTest" time="0.002"/>
  <testcase name="testSetFinalResult_ValidTeams_ShouldSetChampionAndRunnerUp" classname="com.worldcup.KnockoutStageManagerTest" time="0.002"/>
  <testcase name="testSetFinalResult_NullWinner_ShouldAllowNull" classname="com.worldcup.KnockoutStageManagerTest" time="0.001"/>
  <testcase name="testSetSemiFinalWinners_WithNullTeams_ShouldAllowNulls" classname="com.worldcup.KnockoutStageManagerTest" time="0.014"/>
</testsuite>