<?xml version="1.0" encoding="UTF-8"?>
<testsuite xmlns:xsi="http://www.w3.org/2001/XMLSchema-instance" xsi:noNamespaceSchemaLocation="https://maven.apache.org/surefire/maven-surefire-plugin/xsd/surefire-test-report-3.0.xsd" version="3.0" name="com.worldcup.PlayerTestImproved" time="0.261" tests="50" errors="0" skipped="0" failures="0">
  <properties>
[...]
</properties>
  <testcase name="ScoreGoal_100Lan_Tang100Ban" classname="com.worldcup.PlayerTestImproved" time="0.06"/>
  <testcase name="PlayerState_TinhNhatQuan_DuyTriTrangThaiDung" classname="com.worldcup.PlayerTestImproved" time="0.006"/>
  <testcase name="IsSentOff_BienGiaTri_2TheVang_BiDuoi" classname="com.worldcup.PlayerTestImproved" time="0.003"/>
  <testcase name="IsEligible_CoGolVaThe_DuDieuKienNeuChua2Vang" classname="com.worldcup.PlayerTestImproved" time="0.002"/>
  <testcase name="PlayerConstructor_TenDoiRong_KhoiTaoThanhCong" classname="com.worldcup.PlayerTestImproved" time="0.003"/>
  <testcase name="ResetCards_2TheVang_ResetThanhCong" classname="com.worldcup.PlayerTestImproved" time="0.001"/>
  <testcase name="PlayerConstructor_ViTriNull_KhoiTaoThanhCong" classname="com.worldcup.PlayerTestImproved" time="0.003"/>
  <testcase name="ResetCards_Chi1TheVang_ResetThanhCong" classname="com.worldcup.PlayerTestImproved" time="0.0"/>
  <testcase name="ReceiveYellowCard_3The_VanBiDuoiKhoiSan" classname="com.worldcup.PlayerTestImproved" time="0.001"/>
  <testcase name="PlayerConstructor_TenDai_KhoiTaoThanhCong" classname="com.worldcup.PlayerTestImproved" time="0.001"/>
  <testcase name="PlayerConstructor_ViTriChuHoa_KhoiTaoThanhCong" classname="com.worldcup.PlayerTestImproved" time="0.002"/>
  <testcase name="PlayerConstructor_ValidInputs_KhoiTaoThanhCong" classname="com.worldcup.PlayerTestImproved" time="0.002"/>
  <testcase name="PlayerConstructor_TenNull_KhoiTaoThanhCong" classname="com.worldcup.PlayerTestImproved" time="0.001"/>
  <testcase name="ReceiveYellowCard_4The_VanBiDuoiKhoiSan" classname="com.worldcup.PlayerTestImproved" time="0.0"/>
  <testcase name="ScoreGoal_LanDau_Tang1Ban" classname="com.worldcup.PlayerTestImproved" time="0.001"/>
  <testcase name="IsSentOff_BienGiaTri_1TheVang_ChuaBiDuoi" classname="com.worldcup.PlayerTestImproved" time="0.001"/>
  <testcase name="ReceiveYellowCard_10The_VanBiDuoiKhoiSan" classname="com.worldcup.PlayerTestImproved" time="0.002"/>
  <testcase name="ReceiveYellowCard_1The_Tang1TheVang" classname="com.worldcup.PlayerTestImproved" time="0.001"/>
  <testcase name="ResetCards_VangVaDo_ResetThanhCong" classname="com.worldcup.PlayerTestImproved" time="0.001"/>
  <testcase name="PlayerConstructor_TenDoiDai_KhoiTaoThanhCong" classname="com.worldcup.PlayerTestImproved" time="0.001"/>
  <testcase name="PlayerConstructor_TenCoKyTuDacBiet_KhoiTaoThanhCong" classname="com.worldcup.PlayerTestImproved" time="0.001"/>
  <testcase name="PlayerConstructor_ViTriKhongChuan_KhoiTaoThanhCong" classname="com.worldcup.PlayerTestImproved" time="0.002"/>
  <testcase name="ReceiveRedCard_1The_BiDuoiKhoiSan" classname="com.worldcup.PlayerTestImproved" time="0.002"/>
  <testcase name="Goals_BienGiaTri_1Ban_TangDung" classname="com.worldcup.PlayerTestImproved" time="0.002"/>
  <testcase name="Goals_BienGiaTri_0Ban_KhoiTaoDung" classname="com.worldcup.PlayerTestImproved" time="0.001"/>
  <testcase name="ScoreGoal_SauKhiNhanThe_VanTangBan" classname="com.worldcup.PlayerTestImproved" time="0.001"/>
  <testcase name="ReceiveRedCard_NhieuThe_VanBiDuoiKhoiSan" classname="com.worldcup.PlayerTestImproved" time="0.001"/>
  <testcase name="PlayerConstructor_SoAoBang1_KhoiTaoThanhCong" classname="com.worldcup.PlayerTestImproved" time="0.0"/>
  <testcase name="PlayerMethods_TatCaGetter_HoatDongDung" classname="com.worldcup.PlayerTestImproved" time="0.002"/>
  <testcase name="PlayerConstructor_TenDoiNull_KhoiTaoThanhCong" classname="com.worldcup.PlayerTestImproved" time="0.001"/>
  <testcase name="IsEligible_2TheVang_KhongDuDieuKien" classname="com.worldcup.PlayerTestImproved" time="0.001"/>
  <testcase name="ReceiveCards_VangTruocDoSau_BiDuoiKhoiSan" classname="com.worldcup.PlayerTestImproved" time="0.001"/>
  <testcase name="PlayerConstructor_SoAoAm1_KhoiTaoThanhCong" classname="com.worldcup.PlayerTestImproved" time="0.001"/>
  <testcase name="IsEligible_1TheVang_DuDieuKien" classname="com.worldcup.PlayerTestImproved" time="0.001"/>
  <testcase name="PlayerConstructor_SoAoLon999_KhoiTaoThanhCong" classname="com.worldcup.PlayerTestImproved" time="0.001"/>
  <testcase name="IsEligible_1TheDo_KhongDuDieuKien" classname="com.worldcup.PlayerTestImproved" time="0.001"/>
  <testcase name="PlayerConstructor_SoAoAm5_KhoiTaoThanhCong" classname="com.worldcup.PlayerTestImproved" time="0.005"/>
  <testcase name="ResetCards_NhieuLan_ResetThanhCong" classname="com.worldcup.PlayerTestImproved" time="0.001"/>
  <testcase name="PlayerConstructor_SoAoBang0_KhoiTaoThanhCong" classname="com.worldcup.PlayerTestImproved" time="0.001"/>
  <testcase name="ReceiveYellowCard_2The_BiDuoiKhoiSan" classname="com.worldcup.PlayerTestImproved" time="0.001"/>
  <testcase name="ResetCards_KhongCoThe_GiuNguyenTrangThai" classname="com.worldcup.PlayerTestImproved" time="0.002"/>
  <testcase name="PlayerConstructor_ViTriRong_KhoiTaoThanhCong" classname="com.worldcup.PlayerTestImproved" time="0.001"/>
  <testcase name="PlayerConstructor_TenRong_KhoiTaoThanhCong" classname="com.worldcup.PlayerTestImproved" time="0.001"/>
  <testcase name="PlayerAttributes_KhongThayDoi_SauCacHanhDong" classname="com.worldcup.PlayerTestImproved" time="0.001"/>
  <testcase name="ReceiveCards_NhieuVangTruocDo_BiDuoiKhoiSan" classname="com.worldcup.PlayerTestImproved" time="0.0"/>
  <testcase name="IsEligible_KhongCoThe_DuDieuKien" classname="com.worldcup.PlayerTestImproved" time="0.0"/>
  <testcase name="ReceiveCards_DoTruocVangSau_BiDuoiKhoiSan" classname="com.worldcup.PlayerTestImproved" time="0.001"/>
  <testcase name="ScoreGoal_5Lan_Tang5Ban" classname="com.worldcup.PlayerTestImproved" time="0.001"/>
  <testcase name="PlayerConstructor_SoAoBang99_KhoiTaoThanhCong" classname="com.worldcup.PlayerTestImproved" time="0.001"/>
  <testcase name="ResetCards_Chi1TheDo_ResetThanhCong" classname="com.worldcup.PlayerTestImproved" time="0.0"/>
</testsuite>